[Quantifuel] [13/07/2024-19:55:37~GMT+05:30] [log] Initiating...

[Quantifuel] [13/07/2024-19:55:37~GMT+05:30] [log] Connecting to MongoDB...
   Host:       127.0.0.1
   Port:       27017
   Database:   Quantifuel
   Username:   jone_santhanaraj


[Quantifuel] [13/07/2024-19:55:37~GMT+05:30] [success] 200 - OK > MongoDB connected successfully!

[Quantifuel] [13/07/2024-19:55:37~GMT+05:30] [success] Server is up and running, listening at http://127.0.0.1:5344/

[Quantifuel] [13/07/2024-19:56:11~GMT+05:30] [log] Initiating...

[Quantifuel] [13/07/2024-19:56:11~GMT+05:30] [log] Connecting to MongoDB...
   Host:       127.0.0.1
   Port:       27017
   Database:   Quantifuel
   Username:   jone_santhanaraj


[Quantifuel] [13/07/2024-19:56:11~GMT+05:30] [success] 200 - OK > MongoDB connected successfully!

[Quantifuel] [13/07/2024-19:56:11~GMT+05:30] [success] Server is up and running, listening at http://127.0.0.1:5344/

[Quantifuel] [13/07/2024-19:56:30~GMT+05:30] [log] Initiating...

[Quantifuel] [13/07/2024-19:56:30~GMT+05:30] [log] Connecting to MongoDB...
   Host:       127.0.0.1
   Port:       27017
   Database:   Quantifuel
   Username:   jone_santhanaraj


[Quantifuel] [13/07/2024-19:56:30~GMT+05:30] [success] 200 - OK > MongoDB connected successfully!

[Quantifuel] [13/07/2024-19:56:30~GMT+05:30] [success] Server is up and running, listening at http://127.0.0.1:5344/

[Quantifuel] [13/07/2024-19:56:36~GMT+05:30] [log] Initiating...

[Quantifuel] [13/07/2024-19:56:36~GMT+05:30] [log] Connecting to MongoDB...
   Host:       127.0.0.1
   Port:       27017
   Database:   Quantifuel
   Username:   jone_santhanaraj


[Quantifuel] [13/07/2024-19:56:36~GMT+05:30] [success] 200 - OK > MongoDB connected successfully!

[Quantifuel] [13/07/2024-19:56:36~GMT+05:30] [success] Server is up and running, listening at http://127.0.0.1:5344/

[Quantifuel] [13/07/2024-19:56:38~GMT+05:30] [log] Initiating...

[Quantifuel] [13/07/2024-19:56:38~GMT+05:30] [log] Connecting to MongoDB...
   Host:       127.0.0.1
   Port:       27017
   Database:   Quantifuel
   Username:   jone_santhanaraj


[Quantifuel] [13/07/2024-19:56:39~GMT+05:30] [success] 200 - OK > MongoDB connected successfully!

[Quantifuel] [13/07/2024-19:56:39~GMT+05:30] [success] Server is up and running, listening at http://127.0.0.1:5344/

[Quantifuel] [13/07/2024-19:56:47~GMT+05:30] [log] Initiating...

[Quantifuel] [13/07/2024-19:56:47~GMT+05:30] [log] Connecting to MongoDB...
   Host:       127.0.0.1
   Port:       27017
   Database:   Quantifuel
   Username:   jone_santhanaraj


[Quantifuel] [13/07/2024-19:56:47~GMT+05:30] [success] 200 - OK > MongoDB connected successfully!

[Quantifuel] [13/07/2024-19:56:47~GMT+05:30] [success] Server is up and running, listening at http://127.0.0.1:5344/

[Quantifuel] [13/07/2024-19:56:51~GMT+05:30] [log] Initiating...

[Quantifuel] [13/07/2024-19:56:51~GMT+05:30] [log] Connecting to MongoDB...
   Host:       127.0.0.1
   Port:       27017
   Database:   Quantifuel
   Username:   jone_santhanaraj


[Quantifuel] [13/07/2024-19:56:51~GMT+05:30] [success] 200 - OK > MongoDB connected successfully!

[Quantifuel] [13/07/2024-19:56:51~GMT+05:30] [success] Server is up and running, listening at http://127.0.0.1:5344/

[Quantifuel] [13/07/2024-19:57:17~GMT+05:30] [log] someone accessed the server

[Quantifuel] [13/07/2024-19:57:49~GMT+05:30] [log] someone accessed the server

[Quantifuel] [13/07/2024-19:57:49~GMT+05:30] [log] someone accessed the server

[Quantifuel] [13/07/2024-19:57:50~GMT+05:30] [log] someone accessed the server

[Quantifuel] [13/07/2024-19:57:53~GMT+05:30] [log] someone accessed the server

[Quantifuel] [13/07/2024-19:58:46~GMT+05:30] [log] Stopping server...

[Quantifuel] [13/07/2024-19:58:47~GMT+05:30] [log] Server listened at http://127.0.0.1:5344/ has been stopped on command.

[Quantifuel] [13/07/2024-20:26:48.520:520~GMT+05:30] [log] Initiating...

[Quantifuel] [13/07/2024-20:26:48.548:548~GMT+05:30] [log] Connecting to MongoDB...
   Host:       127.0.0.1
   Port:       27017
   Database:   Quantifuel
   Username:   jone_santhanaraj


[Quantifuel] [13/07/2024-20:26:48.599:599~GMT+05:30] [success] 200 - OK > MongoDB connected successfully!

[Quantifuel] [13/07/2024-20:26:48.601:601~GMT+05:30] [success] Server is up and running, listening at http://127.0.0.1:5344/

[Quantifuel] [13/07/2024-20:27:02.667~GMT+05:30] [log] Initiating...

[Quantifuel] [13/07/2024-20:27:02.709~GMT+05:30] [log] Connecting to MongoDB...
   Host:       127.0.0.1
   Port:       27017
   Database:   Quantifuel
   Username:   jone_santhanaraj


[Quantifuel] [13/07/2024-20:27:02.872~GMT+05:30] [success] 200 - OK > MongoDB connected successfully!

[Quantifuel] [13/07/2024-20:27:02.875~GMT+05:30] [success] Server is up and running, listening at http://127.0.0.1:5344/

[Quantifuel] [13/07/2024-20:27:09.129~GMT+05:30] [log] Initiating...

[Quantifuel] [13/07/2024-20:27:09.156~GMT+05:30] [log] Connecting to MongoDB...
   Host:       127.0.0.1
   Port:       27017
   Database:   Quantifuel
   Username:   jone_santhanaraj


[Quantifuel] [13/07/2024-20:27:09.247~GMT+05:30] [success] 200 - OK > MongoDB connected successfully!

[Quantifuel] [13/07/2024-20:27:09.249~GMT+05:30] [success] Server is up and running, listening at http://127.0.0.1:5344/

[Quantifuel] [13/07/2024-20:27:41.286~GMT+05:30] [log] Initiating...

[Quantifuel] [13/07/2024-20:27:41.323~GMT+05:30] [log] Connecting to MongoDB...
   Host:       127.0.0.1
   Port:       27017
   Database:   Quantifuel
   Username:   jone_santhanaraj


[Quantifuel] [13/07/2024-20:27:41.402~GMT+05:30] [success] 200 - OK > MongoDB connected successfully!

[Quantifuel] [13/07/2024-20:27:41.404~GMT+05:30] [success] Server is up and running, listening at http://127.0.0.1:5344/

[Quantifuel] [13/07/2024-20:27:43~GMT+05:30] [log] Initiating...

[Quantifuel] [13/07/2024-20:27:43~GMT+05:30] [log] Connecting to MongoDB...
   Host:       127.0.0.1
   Port:       27017
   Database:   Quantifuel
   Username:   jone_santhanaraj


[Quantifuel] [13/07/2024-20:27:43~GMT+05:30] [success] 200 - OK > MongoDB connected successfully!

[Quantifuel] [13/07/2024-20:27:43~GMT+05:30] [success] Server is up and running, listening at http://127.0.0.1:5344/

[Quantifuel] [13/07/2024-20:27:47:~GMT+05:30] [log] Initiating...

[Quantifuel] [13/07/2024-20:27:47:~GMT+05:30] [log] Connecting to MongoDB...
   Host:       127.0.0.1
   Port:       27017
   Database:   Quantifuel
   Username:   jone_santhanaraj


[Quantifuel] [13/07/2024-20:27:47:~GMT+05:30] [success] 200 - OK > MongoDB connected successfully!

[Quantifuel] [13/07/2024-20:27:47:~GMT+05:30] [success] Server is up and running, listening at http://127.0.0.1:5344/

[Quantifuel] [13/07/2024-20:27:53:203~GMT+05:30] [log] Initiating...

[Quantifuel] [13/07/2024-20:27:53:238~GMT+05:30] [log] Connecting to MongoDB...
   Host:       127.0.0.1
   Port:       27017
   Database:   Quantifuel
   Username:   jone_santhanaraj


[Quantifuel] [13/07/2024-20:27:53:309~GMT+05:30] [success] 200 - OK > MongoDB connected successfully!

[Quantifuel] [13/07/2024-20:27:53:314~GMT+05:30] [success] Server is up and running, listening at http://127.0.0.1:5344/

[Quantifuel] [13/07/2024-20:27:58:177~GMT+05:30] [log] Initiating...

[Quantifuel] [13/07/2024-20:27:58:206~GMT+05:30] [log] Connecting to MongoDB...
   Host:       127.0.0.1
   Port:       27017
   Database:   Quantifuel
   Username:   jone_santhanaraj


[Quantifuel] [13/07/2024-20:27:58:278~GMT+05:30] [success] 200 - OK > MongoDB connected successfully!

[Quantifuel] [13/07/2024-20:27:58:281~GMT+05:30] [success] Server is up and running, listening at http://127.0.0.1:5344/

[Quantifuel] [13/07/2024-20:29:00:267~GMT+05:30] [log] Initiating...

[Quantifuel] [13/07/2024-20:29:00:292~GMT+05:30] [log] Connecting to MongoDB...
   Host:       127.0.0.1
   Port:       27017
   Database:   Quantifuel
   Username:   jone_santhanaraj


[Quantifuel] [13/07/2024-20:29:00:347~GMT+05:30] [success] 200 - OK > MongoDB connected successfully!

[Quantifuel] [13/07/2024-20:29:00:349~GMT+05:30] [success] Server is up and running, listening at http://127.0.0.1:5344/

[Quantifuel] [13/07/2024-20:29:11:714~GMT+05:30] [log] someone accessed the server

[Quantifuel] [13/07/2024-20:29:11:892~GMT+05:30] [log] someone accessed the server

[Quantifuel] [13/07/2024-20:29:12:561~GMT+05:30] [log] someone accessed the server

[Quantifuel] [13/07/2024-20:29:12:759~GMT+05:30] [log] someone accessed the server

[Quantifuel] [13/07/2024-20:29:12:928~GMT+05:30] [log] someone accessed the server

[Quantifuel] [13/07/2024-20:29:13:419~GMT+05:30] [log] someone accessed the server

[Quantifuel] [13/07/2024-20:29:13:742~GMT+05:30] [log] someone accessed the server

[Quantifuel] [13/07/2024-20:29:14:314~GMT+05:30] [log] someone accessed the server

[Quantifuel] [13/07/2024-20:30:27:711~GMT+05:30] [log] Initiating...

[Quantifuel] [13/07/2024-20:30:27:741~GMT+05:30] [log] Connecting to MongoDB...
   Host:       127.0.0.1
   Port:       27017
   Database:   Quantifuel
   Username:   jone_santhanaraj


[Quantifuel] [13/07/2024-20:30:27:808~GMT+05:30] [success] 200 - OK > MongoDB connected successfully!

[Quantifuel] [13/07/2024-20:30:27:810~GMT+05:30] [success] Server is up and running, listening at http://127.0.0.1:5344/

[Quantifuel] [13/07/2024-20:30:29:436~GMT+05:30] [log] Initiating...

[Quantifuel] [13/07/2024-20:30:29:459~GMT+05:30] [log] Connecting to MongoDB...
   Host:       127.0.0.1
   Port:       27017
   Database:   Quantifuel
   Username:   jone_santhanaraj


[Quantifuel] [13/07/2024-20:30:29:508~GMT+05:30] [success] 200 - OK > MongoDB connected successfully!

[Quantifuel] [13/07/2024-20:30:29:510~GMT+05:30] [success] Server is up and running, listening at http://127.0.0.1:5344/

[Quantifuel] [13/07/2024-20:30:39:470~GMT+05:30] [log] Stopping server...

[Quantifuel] [13/07/2024-20:30:40:472~GMT+05:30] [log] Server listening at http://127.0.0.1:5344/ has been stopped on command.

[Quantifuel] [13/07/2024-20:30:53:984~GMT+05:30] [log] Initiating...

[Quantifuel] [13/07/2024-20:30:54:014~GMT+05:30] [log] Connecting to MongoDB...
   Host:       127.0.0.1
   Port:       27017
   Database:   Quantifuel
   Username:   jone_santhanaraj


[Quantifuel] [13/07/2024-20:30:54:065~GMT+05:30] [success] 200 - OK > MongoDB connected successfully!

[Quantifuel] [13/07/2024-20:30:54:067~GMT+05:30] [success] Server is up and running, listening at http://127.0.0.1:5344/

[Quantifuel] [13/07/2024-20:31:04:395~GMT+05:30] [log] Initiating...

[Quantifuel] [13/07/2024-20:31:04:429~GMT+05:30] [log] Connecting to MongoDB...
   Host:       127.0.0.1
   Port:       27017
   Database:   Quantifuel
   Username:   jone_santhanaraj


[Quantifuel] [13/07/2024-20:31:04:510~GMT+05:30] [success] 200 - OK > MongoDB connected successfully!

[Quantifuel] [13/07/2024-20:31:04:511~GMT+05:30] [success] Server is up and running, listening at http://127.0.0.1:5344/

[Quantifuel] [13/07/2024-20:31:07:794~GMT+05:30] [log] Stopping server...

[Quantifuel] [13/07/2024-20:31:08:797~GMT+05:30] [log] Server listening at http://127.0.0.1:5344/ has been stopped on command.

[Quantifuel] [13/07/2024-20:31:17:489~GMT+05:30] [log] Initiating...

[Quantifuel] [13/07/2024-20:31:17:515~GMT+05:30] [log] Connecting to MongoDB...
   Host:       127.0.0.1
   Port:       27017
   Database:   Quantifuel
   Username:   jone_santhanaraj


[Quantifuel] [13/07/2024-20:31:17:571~GMT+05:30] [success] 200 - OK > MongoDB connected successfully!

[Quantifuel] [13/07/2024-20:31:17:572~GMT+05:30] [success] Server is up and running, listening at http://127.0.0.1:5344/

[Quantifuel] [13/07/2024-20:32:04:151~GMT+05:30] [log] Stopping server...

[Quantifuel] [13/07/2024-20:32:05:162~GMT+05:30] [log] Server listening at http://127.0.0.1:5344/ has been stopped on command.

[Quantifuel] [13/07/2024-20:32:24:877~GMT+05:30] [log] Initiating...

[Quantifuel] [13/07/2024-20:32:24:915~GMT+05:30] [log] Connecting to MongoDB...
   Host:       127.0.0.1
   Port:       27017
   Database:   Quantifuel
   Username:   jone_santhanaraj


[Quantifuel] [13/07/2024-20:32:24:974~GMT+05:30] [success] 200 - OK > MongoDB connected successfully!

[Quantifuel] [13/07/2024-20:32:24:976~GMT+05:30] [success] Server is up and running, listening at http://127.0.0.1:5344/

[Quantifuel] [13/07/2024-20:33:50:146~GMT+05:30] [log] Stopping server...

[Quantifuel] [13/07/2024-20:33:51:157~GMT+05:30] [log] Server listening at http://127.0.0.1:5344/ has been stopped on command.

